<?xml version="1.0" encoding="UTF-8"?>
<testsuite xmlns:xsi="http://www.w3.org/2001/XMLSchema-instance" xsi:noNamespaceSchemaLocation="https://maven.apache.org/surefire/maven-surefire-plugin/xsd/surefire-test-report-3.0.xsd" version="3.0" name="com.applitools.example.AcmeBankTests" time="47.81" tests="1" errors="0" skipped="0" failures="0">
  <properties>
    <property name="java.specification.version" value="17"/>
    <property name="sun.jnu.encoding" value="UTF-8"/>
    <property name="java.class.path" value="/Users/yaniv/Desktop/myFolder/example-selenium-java-junit-ufg-main/target/test-classes:/Users/yaniv/Desktop/myFolder/example-selenium-java-junit-ufg-main/target/classes:/Users/yaniv/.m2/repository/com/applitools/eyes-selenium-java5/5.15.0/eyes-selenium-java5-5.15.0.jar:/Users/yaniv/.m2/repository/com/applitools/eyes-common-java5/5.15.0/eyes-common-java5-5.15.0.jar:/Users/yaniv/.m2/repository/org/imgscalr/imgscalr-lib/4.2/imgscalr-lib-4.2.jar:/Users/yaniv/.m2/repository/commons-codec/commons-codec/1.10/commons-codec-1.10.jar:/Users/yaniv/.m2/repository/commons-io/commons-io/2.6/commons-io-2.6.jar:/Users/yaniv/.m2/repository/org/apache/commons/commons-lang3/3.8.1/commons-lang3-3.8.1.jar:/Users/yaniv/.m2/repository/org/brotli/dec/0.1.1/dec-0.1.1.jar:/Users/yaniv/.m2/repository/com/fasterxml/jackson/core/jackson-databind/2.13.3/jackson-databind-2.13.3.jar:/Users/yaniv/.m2/repository/com/fasterxml/jackson/core/jackson-annotations/2.13.3/jackson-annotations-2.13.3.jar:/Users/yaniv/.m2/repository/com/fasterxml/jackson/core/jackson-core/2.13.3/jackson-core-2.13.3.jar:/Users/yaniv/.m2/repository/org/jsoup/jsoup/1.8.3/jsoup-1.8.3.jar:/Users/yaniv/.m2/repository/com/applitools/eyes-selenium-common-java5/5.15.0/eyes-selenium-common-java5-5.15.0.jar:/Users/yaniv/.m2/repository/com/applitools/eyes-sdk-core-java5/5.15.0/eyes-sdk-core-java5-5.15.0.jar:/Users/yaniv/.m2/repository/com/applitools/eyes-ufg-java5/5.15.0/eyes-ufg-java5-5.15.0.jar:/Users/yaniv/.m2/repository/com/applitools/eyes-connectivity-java5/5.15.0/eyes-connectivity-java5-5.15.0.jar:/Users/yaniv/.m2/repository/net/sourceforge/cssparser/cssparser/0.9.27/cssparser-0.9.27.jar:/Users/yaniv/.m2/repository/org/w3c/css/sac/1.3/sac-1.3.jar:/Users/yaniv/.m2/repository/com/applitools/eyes-connectivity-java5-jersey2x/5.15.0/eyes-connectivity-java5-jersey2x-5.15.0.jar:/Users/yaniv/.m2/repository/org/glassfish/jersey/connectors/jersey-apache-connector/2.29/jersey-apache-connector-2.29.jar:/Users/yaniv/.m2/repository/org/apache/httpcomponents/httpclient/4.5/httpclient-4.5.jar:/Users/yaniv/.m2/repository/org/apache/httpcomponents/httpcore/4.4.1/httpcore-4.4.1.jar:/Users/yaniv/.m2/repository/commons-logging/commons-logging/1.2/commons-logging-1.2.jar:/Users/yaniv/.m2/repository/org/glassfish/jersey/core/jersey-common/2.29/jersey-common-2.29.jar:/Users/yaniv/.m2/repository/jakarta/annotation/jakarta.annotation-api/1.3.4/jakarta.annotation-api-1.3.4.jar:/Users/yaniv/.m2/repository/org/glassfish/hk2/osgi-resource-locator/1.0.3/osgi-resource-locator-1.0.3.jar:/Users/yaniv/.m2/repository/jakarta/ws/rs/jakarta.ws.rs-api/2.1.5/jakarta.ws.rs-api-2.1.5.jar:/Users/yaniv/.m2/repository/org/glassfish/jersey/core/jersey-client/2.29/jersey-client-2.29.jar:/Users/yaniv/.m2/repository/org/glassfish/hk2/external/jakarta.inject/2.5.0/jakarta.inject-2.5.0.jar:/Users/yaniv/.m2/repository/org/glassfish/jersey/inject/jersey-hk2/2.29/jersey-hk2-2.29.jar:/Users/yaniv/.m2/repository/org/glassfish/hk2/hk2-locator/2.5.0/hk2-locator-2.5.0.jar:/Users/yaniv/.m2/repository/org/glassfish/hk2/external/aopalliance-repackaged/2.5.0/aopalliance-repackaged-2.5.0.jar:/Users/yaniv/.m2/repository/org/glassfish/hk2/hk2-api/2.5.0/hk2-api-2.5.0.jar:/Users/yaniv/.m2/repository/org/glassfish/hk2/hk2-utils/2.5.0/hk2-utils-2.5.0.jar:/Users/yaniv/.m2/repository/org/javassist/javassist/3.22.0-CR2/javassist-3.22.0-CR2.jar:/Users/yaniv/.m2/repository/javax/websocket/javax.websocket-client-api/1.1/javax.websocket-client-api-1.1.jar:/Users/yaniv/.m2/repository/org/asynchttpclient/async-http-client/2.12.3/async-http-client-2.12.3.jar:/Users/yaniv/.m2/repository/org/asynchttpclient/async-http-client-netty-utils/2.12.3/async-http-client-netty-utils-2.12.3.jar:/Users/yaniv/.m2/repository/io/netty/netty-buffer/4.1.60.Final/netty-buffer-4.1.60.Final.jar:/Users/yaniv/.m2/repository/io/netty/netty-codec-http/4.1.60.Final/netty-codec-http-4.1.60.Final.jar:/Users/yaniv/.m2/repository/io/netty/netty-common/4.1.60.Final/netty-common-4.1.60.Final.jar:/Users/yaniv/.m2/repository/io/netty/netty-transport/4.1.60.Final/netty-transport-4.1.60.Final.jar:/Users/yaniv/.m2/repository/io/netty/netty-codec/4.1.60.Final/netty-codec-4.1.60.Final.jar:/Users/yaniv/.m2/repository/io/netty/netty-handler/4.1.60.Final/netty-handler-4.1.60.Final.jar:/Users/yaniv/.m2/repository/io/netty/netty-resolver/4.1.60.Final/netty-resolver-4.1.60.Final.jar:/Users/yaniv/.m2/repository/io/netty/netty-codec-socks/4.1.60.Final/netty-codec-socks-4.1.60.Final.jar:/Users/yaniv/.m2/repository/io/netty/netty-handler-proxy/4.1.60.Final/netty-handler-proxy-4.1.60.Final.jar:/Users/yaniv/.m2/repository/io/netty/netty-transport-native-epoll/4.1.60.Final/netty-transport-native-epoll-4.1.60.Final-linux-x86_64.jar:/Users/yaniv/.m2/repository/io/netty/netty-transport-native-unix-common/4.1.60.Final/netty-transport-native-unix-common-4.1.60.Final.jar:/Users/yaniv/.m2/repository/io/netty/netty-transport-native-kqueue/4.1.60.Final/netty-transport-native-kqueue-4.1.60.Final-osx-x86_64.jar:/Users/yaniv/.m2/repository/org/reactivestreams/reactive-streams/1.0.3/reactive-streams-1.0.3.jar:/Users/yaniv/.m2/repository/com/typesafe/netty/netty-reactive-streams/2.0.4/netty-reactive-streams-2.0.4.jar:/Users/yaniv/.m2/repository/com/sun/activation/jakarta.activation/1.2.2/jakarta.activation-1.2.2.jar:/Users/yaniv/.m2/repository/com/google/code/gson/gson/2.8.9/gson-2.8.9.jar:/Users/yaniv/.m2/repository/com/applitools/eyes-universal-core/5.15.0/eyes-universal-core-5.15.0.jar:/Users/yaniv/.m2/repository/com/helger/ph-css/6.1.1/ph-css-6.1.1.jar:/Users/yaniv/.m2/repository/com/helger/ph-commons/9.0.2/ph-commons-9.0.2.jar:/Users/yaniv/.m2/repository/org/slf4j/slf4j-api/1.7.25/slf4j-api-1.7.25.jar:/Users/yaniv/.m2/repository/javax/activation/activation/1.1.1/activation-1.1.1.jar:/Users/yaniv/.m2/repository/org/junit/jupiter/junit-jupiter/5.9.0/junit-jupiter-5.9.0.jar:/Users/yaniv/.m2/repository/org/junit/jupiter/junit-jupiter-api/5.9.0/junit-jupiter-api-5.9.0.jar:/Users/yaniv/.m2/repository/org/opentest4j/opentest4j/1.2.0/opentest4j-1.2.0.jar:/Users/yaniv/.m2/repository/org/junit/platform/junit-platform-commons/1.9.0/junit-platform-commons-1.9.0.jar:/Users/yaniv/.m2/repository/org/apiguardian/apiguardian-api/1.1.2/apiguardian-api-1.1.2.jar:/Users/yaniv/.m2/repository/org/junit/jupiter/junit-jupiter-params/5.9.0/junit-jupiter-params-5.9.0.jar:/Users/yaniv/.m2/repository/org/junit/jupiter/junit-jupiter-engine/5.9.0/junit-jupiter-engine-5.9.0.jar:/Users/yaniv/.m2/repository/org/junit/platform/junit-platform-engine/1.9.0/junit-platform-engine-1.9.0.jar:/Users/yaniv/.m2/repository/org/seleniumhq/selenium/selenium-java/3.141.59/selenium-java-3.141.59.jar:/Users/yaniv/.m2/repository/org/seleniumhq/selenium/selenium-api/3.141.59/selenium-api-3.141.59.jar:/Users/yaniv/.m2/repository/org/seleniumhq/selenium/selenium-chrome-driver/3.141.59/selenium-chrome-driver-3.141.59.jar:/Users/yaniv/.m2/repository/org/seleniumhq/selenium/selenium-edge-driver/3.141.59/selenium-edge-driver-3.141.59.jar:/Users/yaniv/.m2/repository/org/seleniumhq/selenium/selenium-firefox-driver/3.141.59/selenium-firefox-driver-3.141.59.jar:/Users/yaniv/.m2/repository/org/seleniumhq/selenium/selenium-ie-driver/3.141.59/selenium-ie-driver-3.141.59.jar:/Users/yaniv/.m2/repository/org/seleniumhq/selenium/selenium-opera-driver/3.141.59/selenium-opera-driver-3.141.59.jar:/Users/yaniv/.m2/repository/org/seleniumhq/selenium/selenium-remote-driver/3.141.59/selenium-remote-driver-3.141.59.jar:/Users/yaniv/.m2/repository/org/seleniumhq/selenium/selenium-safari-driver/3.141.59/selenium-safari-driver-3.141.59.jar:/Users/yaniv/.m2/repository/org/seleniumhq/selenium/selenium-support/3.141.59/selenium-support-3.141.59.jar:/Users/yaniv/.m2/repository/net/bytebuddy/byte-buddy/1.8.15/byte-buddy-1.8.15.jar:/Users/yaniv/.m2/repository/org/apache/commons/commons-exec/1.3/commons-exec-1.3.jar:/Users/yaniv/.m2/repository/com/google/guava/guava/25.0-jre/guava-25.0-jre.jar:/Users/yaniv/.m2/repository/com/google/code/findbugs/jsr305/1.3.9/jsr305-1.3.9.jar:/Users/yaniv/.m2/repository/org/checkerframework/checker-compat-qual/2.0.0/checker-compat-qual-2.0.0.jar:/Users/yaniv/.m2/repository/com/google/errorprone/error_prone_annotations/2.1.3/error_prone_annotations-2.1.3.jar:/Users/yaniv/.m2/repository/com/google/j2objc/j2objc-annotations/1.1/j2objc-annotations-1.1.jar:/Users/yaniv/.m2/repository/org/codehaus/mojo/animal-sniffer-annotations/1.14/animal-sniffer-annotations-1.14.jar:/Users/yaniv/.m2/repository/com/squareup/okhttp3/okhttp/3.11.0/okhttp-3.11.0.jar:/Users/yaniv/.m2/repository/com/squareup/okio/okio/1.14.0/okio-1.14.0.jar:"/>
    <property name="java.vm.vendor" value="Oracle Corporation"/>
    <property name="sun.arch.data.model" value="64"/>
    <property name="java.vendor.url" value="https://java.oracle.com/"/>
    <property name="user.timezone" value="Asia/Jerusalem"/>
    <property name="os.name" value="Mac OS X"/>
    <property name="java.vm.specification.version" value="17"/>
    <property name="sun.java.launcher" value="SUN_STANDARD"/>
    <property name="user.country" value="IL"/>
    <property name="sun.boot.library.path" value="/Library/Java/JavaVirtualMachines/jdk-17.0.5.jdk/Contents/Home/lib"/>
    <property name="sun.java.command" value="/Users/yaniv/Desktop/myFolder/example-selenium-java-junit-ufg-main/target/surefire/surefirebooter7399969869979352499.jar /Users/yaniv/Desktop/myFolder/example-selenium-java-junit-ufg-main/target/surefire 2022-11-03T16-17-15_501-jvmRun1 surefire4272138367352984952tmp surefire_0615564366781106313tmp"/>
    <property name="http.nonProxyHosts" value="local|*.local|169.254/16|*.169.254/16"/>
    <property name="jdk.debug" value="release"/>
    <property name="surefire.test.class.path" value="/Users/yaniv/Desktop/myFolder/example-selenium-java-junit-ufg-main/target/test-classes:/Users/yaniv/Desktop/myFolder/example-selenium-java-junit-ufg-main/target/classes:/Users/yaniv/.m2/repository/com/applitools/eyes-selenium-java5/5.15.0/eyes-selenium-java5-5.15.0.jar:/Users/yaniv/.m2/repository/com/applitools/eyes-common-java5/5.15.0/eyes-common-java5-5.15.0.jar:/Users/yaniv/.m2/repository/org/imgscalr/imgscalr-lib/4.2/imgscalr-lib-4.2.jar:/Users/yaniv/.m2/repository/commons-codec/commons-codec/1.10/commons-codec-1.10.jar:/Users/yaniv/.m2/repository/commons-io/commons-io/2.6/commons-io-2.6.jar:/Users/yaniv/.m2/repository/org/apache/commons/commons-lang3/3.8.1/commons-lang3-3.8.1.jar:/Users/yaniv/.m2/repository/org/brotli/dec/0.1.1/dec-0.1.1.jar:/Users/yaniv/.m2/repository/com/fasterxml/jackson/core/jackson-databind/2.13.3/jackson-databind-2.13.3.jar:/Users/yaniv/.m2/repository/com/fasterxml/jackson/core/jackson-annotations/2.13.3/jackson-annotations-2.13.3.jar:/Users/yaniv/.m2/repository/com/fasterxml/jackson/core/jackson-core/2.13.3/jackson-core-2.13.3.jar:/Users/yaniv/.m2/repository/org/jsoup/jsoup/1.8.3/jsoup-1.8.3.jar:/Users/yaniv/.m2/repository/com/applitools/eyes-selenium-common-java5/5.15.0/eyes-selenium-common-java5-5.15.0.jar:/Users/yaniv/.m2/repository/com/applitools/eyes-sdk-core-java5/5.15.0/eyes-sdk-core-java5-5.15.0.jar:/Users/yaniv/.m2/repository/com/applitools/eyes-ufg-java5/5.15.0/eyes-ufg-java5-5.15.0.jar:/Users/yaniv/.m2/repository/com/applitools/eyes-connectivity-java5/5.15.0/eyes-connectivity-java5-5.15.0.jar:/Users/yaniv/.m2/repository/net/sourceforge/cssparser/cssparser/0.9.27/cssparser-0.9.27.jar:/Users/yaniv/.m2/repository/org/w3c/css/sac/1.3/sac-1.3.jar:/Users/yaniv/.m2/repository/com/applitools/eyes-connectivity-java5-jersey2x/5.15.0/eyes-connectivity-java5-jersey2x-5.15.0.jar:/Users/yaniv/.m2/repository/org/glassfish/jersey/connectors/jersey-apache-connector/2.29/jersey-apache-connector-2.29.jar:/Users/yaniv/.m2/repository/org/apache/httpcomponents/httpclient/4.5/httpclient-4.5.jar:/Users/yaniv/.m2/repository/org/apache/httpcomponents/httpcore/4.4.1/httpcore-4.4.1.jar:/Users/yaniv/.m2/repository/commons-logging/commons-logging/1.2/commons-logging-1.2.jar:/Users/yaniv/.m2/repository/org/glassfish/jersey/core/jersey-common/2.29/jersey-common-2.29.jar:/Users/yaniv/.m2/repository/jakarta/annotation/jakarta.annotation-api/1.3.4/jakarta.annotation-api-1.3.4.jar:/Users/yaniv/.m2/repository/org/glassfish/hk2/osgi-resource-locator/1.0.3/osgi-resource-locator-1.0.3.jar:/Users/yaniv/.m2/repository/jakarta/ws/rs/jakarta.ws.rs-api/2.1.5/jakarta.ws.rs-api-2.1.5.jar:/Users/yaniv/.m2/repository/org/glassfish/jersey/core/jersey-client/2.29/jersey-client-2.29.jar:/Users/yaniv/.m2/repository/org/glassfish/hk2/external/jakarta.inject/2.5.0/jakarta.inject-2.5.0.jar:/Users/yaniv/.m2/repository/org/glassfish/jersey/inject/jersey-hk2/2.29/jersey-hk2-2.29.jar:/Users/yaniv/.m2/repository/org/glassfish/hk2/hk2-locator/2.5.0/hk2-locator-2.5.0.jar:/Users/yaniv/.m2/repository/org/glassfish/hk2/external/aopalliance-repackaged/2.5.0/aopalliance-repackaged-2.5.0.jar:/Users/yaniv/.m2/repository/org/glassfish/hk2/hk2-api/2.5.0/hk2-api-2.5.0.jar:/Users/yaniv/.m2/repository/org/glassfish/hk2/hk2-utils/2.5.0/hk2-utils-2.5.0.jar:/Users/yaniv/.m2/repository/org/javassist/javassist/3.22.0-CR2/javassist-3.22.0-CR2.jar:/Users/yaniv/.m2/repository/javax/websocket/javax.websocket-client-api/1.1/javax.websocket-client-api-1.1.jar:/Users/yaniv/.m2/repository/org/asynchttpclient/async-http-client/2.12.3/async-http-client-2.12.3.jar:/Users/yaniv/.m2/repository/org/asynchttpclient/async-http-client-netty-utils/2.12.3/async-http-client-netty-utils-2.12.3.jar:/Users/yaniv/.m2/repository/io/netty/netty-buffer/4.1.60.Final/netty-buffer-4.1.60.Final.jar:/Users/yaniv/.m2/repository/io/netty/netty-codec-http/4.1.60.Final/netty-codec-http-4.1.60.Final.jar:/Users/yaniv/.m2/repository/io/netty/netty-common/4.1.60.Final/netty-common-4.1.60.Final.jar:/Users/yaniv/.m2/repository/io/netty/netty-transport/4.1.60.Final/netty-transport-4.1.60.Final.jar:/Users/yaniv/.m2/repository/io/netty/netty-codec/4.1.60.Final/netty-codec-4.1.60.Final.jar:/Users/yaniv/.m2/repository/io/netty/netty-handler/4.1.60.Final/netty-handler-4.1.60.Final.jar:/Users/yaniv/.m2/repository/io/netty/netty-resolver/4.1.60.Final/netty-resolver-4.1.60.Final.jar:/Users/yaniv/.m2/repository/io/netty/netty-codec-socks/4.1.60.Final/netty-codec-socks-4.1.60.Final.jar:/Users/yaniv/.m2/repository/io/netty/netty-handler-proxy/4.1.60.Final/netty-handler-proxy-4.1.60.Final.jar:/Users/yaniv/.m2/repository/io/netty/netty-transport-native-epoll/4.1.60.Final/netty-transport-native-epoll-4.1.60.Final-linux-x86_64.jar:/Users/yaniv/.m2/repository/io/netty/netty-transport-native-unix-common/4.1.60.Final/netty-transport-native-unix-common-4.1.60.Final.jar:/Users/yaniv/.m2/repository/io/netty/netty-transport-native-kqueue/4.1.60.Final/netty-transport-native-kqueue-4.1.60.Final-osx-x86_64.jar:/Users/yaniv/.m2/repository/org/reactivestreams/reactive-streams/1.0.3/reactive-streams-1.0.3.jar:/Users/yaniv/.m2/repository/com/typesafe/netty/netty-reactive-streams/2.0.4/netty-reactive-streams-2.0.4.jar:/Users/yaniv/.m2/repository/com/sun/activation/jakarta.activation/1.2.2/jakarta.activation-1.2.2.jar:/Users/yaniv/.m2/repository/com/google/code/gson/gson/2.8.9/gson-2.8.9.jar:/Users/yaniv/.m2/repository/com/applitools/eyes-universal-core/5.15.0/eyes-universal-core-5.15.0.jar:/Users/yaniv/.m2/repository/com/helger/ph-css/6.1.1/ph-css-6.1.1.jar:/Users/yaniv/.m2/repository/com/helger/ph-commons/9.0.2/ph-commons-9.0.2.jar:/Users/yaniv/.m2/repository/org/slf4j/slf4j-api/1.7.25/slf4j-api-1.7.25.jar:/Users/yaniv/.m2/repository/javax/activation/activation/1.1.1/activation-1.1.1.jar:/Users/yaniv/.m2/repository/org/junit/jupiter/junit-jupiter/5.9.0/junit-jupiter-5.9.0.jar:/Users/yaniv/.m2/repository/org/junit/jupiter/junit-jupiter-api/5.9.0/junit-jupiter-api-5.9.0.jar:/Users/yaniv/.m2/repository/org/opentest4j/opentest4j/1.2.0/opentest4j-1.2.0.jar:/Users/yaniv/.m2/repository/org/junit/platform/junit-platform-commons/1.9.0/junit-platform-commons-1.9.0.jar:/Users/yaniv/.m2/repository/org/apiguardian/apiguardian-api/1.1.2/apiguardian-api-1.1.2.jar:/Users/yaniv/.m2/repository/org/junit/jupiter/junit-jupiter-params/5.9.0/junit-jupiter-params-5.9.0.jar:/Users/yaniv/.m2/repository/org/junit/jupiter/junit-jupiter-engine/5.9.0/junit-jupiter-engine-5.9.0.jar:/Users/yaniv/.m2/repository/org/junit/platform/junit-platform-engine/1.9.0/junit-platform-engine-1.9.0.jar:/Users/yaniv/.m2/repository/org/seleniumhq/selenium/selenium-java/3.141.59/selenium-java-3.141.59.jar:/Users/yaniv/.m2/repository/org/seleniumhq/selenium/selenium-api/3.141.59/selenium-api-3.141.59.jar:/Users/yaniv/.m2/repository/org/seleniumhq/selenium/selenium-chrome-driver/3.141.59/selenium-chrome-driver-3.141.59.jar:/Users/yaniv/.m2/repository/org/seleniumhq/selenium/selenium-edge-driver/3.141.59/selenium-edge-driver-3.141.59.jar:/Users/yaniv/.m2/repository/org/seleniumhq/selenium/selenium-firefox-driver/3.141.59/selenium-firefox-driver-3.141.59.jar:/Users/yaniv/.m2/repository/org/seleniumhq/selenium/selenium-ie-driver/3.141.59/selenium-ie-driver-3.141.59.jar:/Users/yaniv/.m2/repository/org/seleniumhq/selenium/selenium-opera-driver/3.141.59/selenium-opera-driver-3.141.59.jar:/Users/yaniv/.m2/repository/org/seleniumhq/selenium/selenium-remote-driver/3.141.59/selenium-remote-driver-3.141.59.jar:/Users/yaniv/.m2/repository/org/seleniumhq/selenium/selenium-safari-driver/3.141.59/selenium-safari-driver-3.141.59.jar:/Users/yaniv/.m2/repository/org/seleniumhq/selenium/selenium-support/3.141.59/selenium-support-3.141.59.jar:/Users/yaniv/.m2/repository/net/bytebuddy/byte-buddy/1.8.15/byte-buddy-1.8.15.jar:/Users/yaniv/.m2/repository/org/apache/commons/commons-exec/1.3/commons-exec-1.3.jar:/Users/yaniv/.m2/repository/com/google/guava/guava/25.0-jre/guava-25.0-jre.jar:/Users/yaniv/.m2/repository/com/google/code/findbugs/jsr305/1.3.9/jsr305-1.3.9.jar:/Users/yaniv/.m2/repository/org/checkerframework/checker-compat-qual/2.0.0/checker-compat-qual-2.0.0.jar:/Users/yaniv/.m2/repository/com/google/errorprone/error_prone_annotations/2.1.3/error_prone_annotations-2.1.3.jar:/Users/yaniv/.m2/repository/com/google/j2objc/j2objc-annotations/1.1/j2objc-annotations-1.1.jar:/Users/yaniv/.m2/repository/org/codehaus/mojo/animal-sniffer-annotations/1.14/animal-sniffer-annotations-1.14.jar:/Users/yaniv/.m2/repository/com/squareup/okhttp3/okhttp/3.11.0/okhttp-3.11.0.jar:/Users/yaniv/.m2/repository/com/squareup/okio/okio/1.14.0/okio-1.14.0.jar:"/>
    <property name="sun.cpu.endian" value="little"/>
    <property name="user.home" value="/Users/yaniv"/>
    <property name="user.language" value="en"/>
    <property name="java.specification.vendor" value="Oracle Corporation"/>
    <property name="java.version.date" value="2022-10-18"/>
    <property name="java.home" value="/Library/Java/JavaVirtualMachines/jdk-17.0.5.jdk/Contents/Home"/>
    <property name="file.separator" value="/"/>
    <property name="basedir" value="/Users/yaniv/Desktop/myFolder/example-selenium-java-junit-ufg-main"/>
    <property name="java.vm.compressedOopsMode" value="Zero based"/>
    <property name="line.separator" value="&#10;"/>
    <property name="java.vm.specification.vendor" value="Oracle Corporation"/>
    <property name="java.specification.name" value="Java Platform API Specification"/>
    <property name="surefire.real.class.path" value="/Users/yaniv/Desktop/myFolder/example-selenium-java-junit-ufg-main/target/surefire/surefirebooter7399969869979352499.jar"/>
    <property name="sun.management.compiler" value="HotSpot 64-Bit Tiered Compilers"/>
    <property name="ftp.nonProxyHosts" value="local|*.local|169.254/16|*.169.254/16"/>
    <property name="java.runtime.version" value="17.0.5+9-LTS-191"/>
    <property name="user.name" value="yaniv"/>
    <property name="path.separator" value=":"/>
    <property name="os.version" value="13.0"/>
    <property name="java.runtime.name" value="Java(TM) SE Runtime Environment"/>
    <property name="file.encoding" value="UTF-8"/>
    <property name="sun.nio.ch.bugLevel" value=""/>
    <property name="java.vm.name" value="Java HotSpot(TM) 64-Bit Server VM"/>
    <property name="localRepository" value="/Users/yaniv/.m2/repository"/>
    <property name="java.vendor.url.bug" value="https://bugreport.java.com/bugreport/"/>
    <property name="java.io.tmpdir" value="/var/folders/bh/cb1rr65d2xbdjq1k57t0w8qm0000gn/T/"/>
    <property name="java.version" value="17.0.5"/>
    <property name="user.dir" value="/Users/yaniv/Desktop/myFolder/example-selenium-java-junit-ufg-main"/>
    <property name="os.arch" value="aarch64"/>
    <property name="java.vm.specification.name" value="Java Virtual Machine Specification"/>
    <property name="native.encoding" value="UTF-8"/>
    <property name="java.library.path" value="/Users/yaniv/Library/Java/Extensions:/Library/Java/Extensions:/Network/Library/Java/Extensions:/System/Library/Java/Extensions:/usr/lib/java:."/>
    <property name="java.vm.info" value="mixed mode, sharing"/>
    <property name="java.vendor" value="Oracle Corporation"/>
    <property name="java.vm.version" value="17.0.5+9-LTS-191"/>
    <property name="sun.io.unicode.encoding" value="UnicodeBig"/>
    <property name="socksNonProxyHosts" value="local|*.local|169.254/16|*.169.254/16"/>
    <property name="java.class.version" value="61.0"/>
  </properties>
  <testcase name="logIntoBankAccount" classname="com.applitools.example.AcmeBankTests" time="4.83">
    <system-err><![CDATA[SLF4J: Failed to load class "org.slf4j.impl.StaticLoggerBinder".
SLF4J: Defaulting to no-operation (NOP) logger implementation
SLF4J: See http://www.slf4j.org/codes.html#StaticLoggerBinder for further details.
Starting ChromeDriver 106.0.5249.61 (511755355844955cd3e264779baf0dd38212a4d0-refs/branch-heads/5249@{#569}) on port 1942
Only local connections are allowed.
Please see https://chromedriver.chromium.org/security-considerations for suggestions on keeping ChromeDriver safe.
ChromeDriver was started successfully.
[1667485044.954][WARNING]: This version of ChromeDriver has not been tested with Chrome version 107.
Nov 03, 2022 4:17:24 PM org.openqa.selenium.remote.ProtocolHandshake createSession
INFO: Detected dialect: W3C
]]></system-err>
  </testcase>
</testsuite>